<?xml version="1.0" encoding="UTF-8"?>
<testng-results ignored="0" total="1" passed="1" failed="0" skipped="0">
  <reporter-output>
  </reporter-output>
  <suite started-at="2020-03-11T09:38:36Z" name="Surefire suite" finished-at="2020-03-11T09:38:44Z" duration-ms="7383">
    <groups>
    </groups>
    <test started-at="2020-03-11T09:38:36Z" name="Surefire test" finished-at="2020-03-11T09:38:44Z" duration-ms="7383">
      <class name="com.tester.cases.EmailTest">
        <test-method signature="testSendAttach() throws java.lang.Exception" started-at="2020-03-11T17:38:37Z" name="testSendAttach" finished-at="2020-03-11T17:38:44Z" duration-ms="6995" status="PASS">
          <reporter-output>
          </reporter-output>
        </test-method> <!-- testSendAttach -->
      </class> <!-- com.tester.cases.EmailTest -->
    </test> <!-- Surefire test -->
  </suite> <!-- Surefire suite -->
</testng-results>
